#0 building with "multiplatform" instance using docker-container driver

#1 [internal] load build definition from Dockerfile
#1 transferring dockerfile: 1.52kB done
#1 DONE 0.0s

#2 [auth] docker/dockerfile:pull token for registry-1.docker.io
#2 DONE 0.0s

#3 resolve image config for docker-image://docker.io/docker/dockerfile:1.6
#3 DONE 0.1s

#4 docker-image://docker.io/docker/dockerfile:1.6@sha256:ac85f380a63b13dfcefa89046420e1781752bab202122f8f50032edf31be0021
#4 resolve docker.io/docker/dockerfile:1.6@sha256:ac85f380a63b13dfcefa89046420e1781752bab202122f8f50032edf31be0021 0.0s done
#4 CACHED

#5 [linux/amd64 internal] load metadata for docker.io/library/node:20.17.0-bookworm-slim
#5 ...

#6 [auth] library/node:pull token for registry-1.docker.io
#6 DONE 0.0s

#7 [linux/arm64 internal] load metadata for docker.io/library/node:20.17.0-bookworm-slim
#7 DONE 0.1s

#5 [linux/amd64 internal] load metadata for docker.io/library/node:20.17.0-bookworm-slim
#5 DONE 0.1s

#8 [internal] load .dockerignore
#8 transferring context: 268B done
#8 DONE 0.0s

#9 [linux/arm64 base 1/2] FROM docker.io/library/node:20.17.0-bookworm-slim@sha256:2394e403d45a644e41ac2a15b6f843a7d4a99ad24be48c27982c5fdc61a1ef17
#9 resolve docker.io/library/node:20.17.0-bookworm-slim@sha256:2394e403d45a644e41ac2a15b6f843a7d4a99ad24be48c27982c5fdc61a1ef17 0.0s done
#9 DONE 0.0s

#10 [linux/amd64 base 1/2] FROM docker.io/library/node:20.17.0-bookworm-slim@sha256:2394e403d45a644e41ac2a15b6f843a7d4a99ad24be48c27982c5fdc61a1ef17
#10 resolve docker.io/library/node:20.17.0-bookworm-slim@sha256:2394e403d45a644e41ac2a15b6f843a7d4a99ad24be48c27982c5fdc61a1ef17 0.0s done
#10 DONE 0.0s

#11 [internal] load build context
#11 transferring context: 122.98kB 0.3s done
#11 DONE 0.3s

#12 [linux/amd64 deps 2/4] COPY package.json package-lock.json ./
#12 CACHED

#13 [linux/amd64 deps 3/4] COPY prisma ./prisma
#13 CACHED

#14 [linux/amd64 base 2/2] WORKDIR /app
#14 CACHED

#15 [linux/amd64 deps 1/4] RUN apt-get update   && apt-get install -y --no-install-recommends build-essential python3 ca-certificates openssl   && rm -rf /var/lib/apt/lists/*
#15 CACHED

#16 [linux/amd64 deps 4/4] RUN npm ci
#16 CACHED

#17 [linux/arm64 deps 1/4] RUN apt-get update   && apt-get install -y --no-install-recommends build-essential python3 ca-certificates openssl   && rm -rf /var/lib/apt/lists/*
#17 CACHED

#18 [linux/arm64 deps 4/4] RUN npm ci
#18 CACHED

#19 [linux/arm64 deps 2/4] COPY package.json package-lock.json ./
#19 CACHED

#20 [linux/arm64 base 2/2] WORKDIR /app
#20 CACHED

#21 [linux/arm64 deps 3/4] COPY prisma ./prisma
#21 CACHED

#22 [linux/amd64 builder 1/3] COPY --from=deps /app/node_modules ./node_modules
#22 CACHED

#23 [linux/arm64 builder 1/3] COPY --from=deps /app/node_modules ./node_modules
#23 CACHED

#24 [linux/amd64 builder 2/3] COPY . .
#24 DONE 1.6s

#25 [linux/arm64 builder 2/3] COPY . .
#25 DONE 1.6s

#26 [linux/arm64 builder 3/3] RUN npm run build
#26 1.293 
#26 1.293 > papermark@0.1.0 build
#26 1.293 > next build
#26 1.293 
#26 2.434   ▲ Next.js 14.2.33
#26 2.435   - Experiments (use with caution):
#26 2.435     · missingSuspenseWithCSRBailout
#26 2.435 
#26 2.495    Creating an optimized production build ...
#26 ...

#27 [linux/amd64 builder 3/3] RUN npm run build
#27 8.965 
#27 8.965 > papermark@0.1.0 build
#27 8.965 > next build
#27 8.965 
